mktextfm /ICU
mktextfm /ICU
mktextfm /ICU
mktextfm /B/ICU
mktextfm /I/ICU
mktextfm /BI/ICU
mktextfm /ICU
mktextfm /ICU
mktextfm /ICU
mktextfm /ICU
mktextfm /B/ICU
mktextfm /ICU
mktextfm /ICU
mktextfm /ICU
mktextfm /ICU
mktextfm /B/ICU
mktextfm /I/ICU
mktextfm /BI/ICU
mktextfm /ICU
mktextfm /ICU
mktextfm /ICU
mktextfm /ICU
mktextfm /B/ICU
mktextfm /ICU
mktextfm B-Mitra/ICU
mktextfm B-Mitra/ICU
mktextfm B-Mitra/ICU
mktextfm B-Mitra/ICU
mktextfm B-Mitra/B/ICU
mktextfm B-Mitra/ICU
mktextfm B-Mitra/I/ICU
mktextfm B-Mitra/ICU
mktextfm B-Mitra/BI/ICU
mktextfm B-Mitra/ICU
mktextfm B-Mitra/ICU
mktextfm B-Mitra/ICU
mktextfm B-Mitra/ICU
mktextfm B-Mitra/ICU
mktextfm B-Mitra/ICU
mktextfm Bmitra/ICU
mktextfm Bmitra/ICU
mktextfm Bmitra/ICU
mktextfm Bmitra/ICU
mktextfm Bmitra/B/ICU
mktextfm Bmitra/ICU
mktextfm Bmitra/I/ICU
mktextfm Bmitra/ICU
mktextfm Bmitra/BI/ICU
mktextfm Bmitra/ICU
mktextfm Bmitra/ICU
mktextfm Bmitra/ICU
mktextfm Bmitra/ICU
mktextfm Bmitra/ICU
mktextfm Bmitra/ICU
mktextfm Ariel/ICU
mktextfm Ariel/ICU
mktextfm Ariel/ICU
mktextfm Ariel/ICU
mktextfm Ariel/B/ICU
mktextfm Ariel/ICU
mktextfm Ariel/I/ICU
mktextfm Ariel/ICU
mktextfm Ariel/BI/ICU
mktextfm Ariel/ICU
mktextfm Ariel/ICU
mktextfm Ariel/ICU
mktextfm Ariel/ICU
mktextfm Ariel/ICU
mktextfm Ariel/ICU
mktextfm Ariel/ICU
mktextfm Ariel/ICU
mktextfm Ariel/ICU
mktextfm Ariel/ICU
mktextfm Ariel/ICU
mktextfm Ariel/ICU
mktextfm Ariel/ICU
mktextfm Ariel/B/ICU
mktextfm Ariel/ICU
mktextfm Ariel/I/ICU
mktextfm Ariel/ICU
mktextfm Ariel/BI/ICU
mktextfm Ariel/ICU
mktextfm Ariel/ICU
mktextfm Ariel/ICU
mktextfm Ariel/ICU
mktextfm Ariel/ICU
mktextfm Ariel/ICU
mktextfm Ariel/ICU
mktextfm Ariel/ICU
mktextfm Ariel/ICU
mktextfm 
mktextfm 
mktextfm 
mktextfm 
mktextfm 
mktextfm 
mktextfm 
mktextfm 
mktextfm 
mktextfm 
mktextfm 
mktextfm 
mktextfm 
mktextfm 
mktextfm 
mktextfm 
mktextfm 
mktextfm 
